TN:
SF:app.js
FNF:0
FNH:0
DA:1,4
DA:2,4
DA:3,4
DA:5,4
DA:7,4
DA:8,4
DA:9,4
DA:11,4
LF:8
LH:8
BRDA:1,0,0,4
BRDA:1,0,1,0
BRF:2
BRH:1
end_of_record
TN:
SF:controllers/photos-controller.js
FN:4,(anonymous_0)
FN:13,(anonymous_1)
FN:32,(anonymous_2)
FNF:3
FNH:3
FNDA:1,(anonymous_0)
FNDA:2,(anonymous_1)
FNDA:2,(anonymous_2)
DA:1,4
DA:5,1
DA:6,1
DA:7,1
DA:9,0
DA:14,2
DA:15,2
DA:16,2
DA:25,2
DA:26,1
DA:28,1
DA:33,2
DA:34,2
DA:35,2
DA:36,2
DA:37,1
DA:39,1
DA:44,4
LF:18
LH:17
BRDA:25,0,0,1
BRDA:25,0,1,1
BRF:2
BRH:2
end_of_record
TN:
SF:controllers/users-controller.js
FN:6,(anonymous_0)
FN:20,(anonymous_1)
FNF:2
FNH:2
FNDA:7,(anonymous_0)
FNDA:9,(anonymous_1)
DA:1,4
DA:2,4
DA:3,4
DA:7,7
DA:8,7
DA:9,7
DA:10,3
DA:11,3
DA:12,2
DA:13,1
DA:14,1
DA:16,6
DA:21,9
DA:22,9
DA:23,9
DA:24,1
DA:29,8
DA:34,4
LF:18
LH:18
BRDA:9,0,0,4
BRDA:9,0,1,3
BRDA:9,1,0,7
BRDA:9,1,1,5
BRDA:11,2,0,1
BRDA:11,2,1,2
BRDA:12,3,0,1
BRDA:12,3,1,1
BRF:8
BRH:8
end_of_record
TN:
SF:helpers/hash.js
FN:3,hash
FN:7,compare
FNF:2
FNH:2
FNDA:5,hash
FNDA:2,compare
DA:1,4
DA:4,5
DA:8,2
DA:11,4
LF:4
LH:4
BRF:0
BRH:0
end_of_record
TN:
SF:helpers/jwt.js
FN:3,sign
FN:7,verify
FNF:2
FNH:2
FNDA:3,sign
FNDA:8,verify
DA:1,4
DA:4,3
DA:8,8
DA:11,4
LF:4
LH:4
BRF:0
BRH:0
end_of_record
TN:
SF:middlewares/authentication-middleware.js
FN:4,authenticationMiddleware
FNF:1
FNH:1
FNDA:11,authenticationMiddleware
DA:1,4
DA:2,4
DA:5,11
DA:6,11
DA:7,11
DA:8,8
DA:9,8
DA:10,7
DA:11,6
DA:12,6
DA:13,5
DA:14,5
DA:16,6
DA:20,4
LF:14
LH:14
BRDA:7,0,0,3
BRDA:7,0,1,8
BRDA:9,1,0,1
BRDA:9,1,1,7
BRDA:12,2,0,1
BRDA:12,2,1,5
BRF:6
BRH:6
end_of_record
TN:
SF:middlewares/error-middleware.js
FN:1,errorMiddleware
FN:19,(anonymous_1)
FNF:2
FNH:2
FNDA:23,errorMiddleware
FNDA:10,(anonymous_1)
DA:2,23
DA:3,23
DA:5,23
DA:6,1
DA:7,1
DA:8,22
DA:9,1
DA:10,1
DA:11,21
DA:12,4
DA:13,4
DA:14,17
DA:15,1
DA:16,1
DA:17,16
DA:18,8
DA:19,10
DA:20,8
DA:25,6
DA:26,6
DA:27,2
DA:28,1
DA:29,1
DA:30,1
DA:31,1
DA:32,1
DA:34,23
DA:36,23
DA:39,4
LF:29
LH:29
BRDA:5,0,0,1
BRDA:5,0,1,22
BRDA:8,1,0,1
BRDA:8,1,1,21
BRDA:11,2,0,4
BRDA:11,2,1,17
BRDA:11,3,0,21
BRDA:11,3,1,20
BRDA:14,4,0,1
BRDA:14,4,1,16
BRDA:17,5,0,8
BRDA:17,5,1,8
BRDA:20,6,0,6
BRDA:20,6,1,2
BRDA:21,7,0,8
BRDA:21,7,1,7
BRDA:21,7,2,6
BRDA:27,8,0,1
BRDA:27,8,1,1
BRDA:30,9,0,1
BRDA:30,9,1,0
BRF:21
BRH:20
end_of_record
TN:
SF:models/index.js
FN:19,(anonymous_0)
FN:22,(anonymous_1)
FN:27,(anonymous_2)
FNF:3
FNH:3
FNDA:12,(anonymous_0)
FNDA:8,(anonymous_1)
FNDA:8,(anonymous_2)
DA:3,4
DA:4,4
DA:5,4
DA:6,4
DA:7,4
DA:8,4
DA:9,4
DA:12,4
DA:13,0
DA:15,4
DA:18,4
DA:20,12
DA:23,8
DA:24,8
DA:27,4
DA:28,8
DA:29,8
DA:33,4
DA:34,4
DA:36,4
LF:20
LH:19
BRDA:7,0,0,4
BRDA:7,0,1,0
BRDA:12,1,0,0
BRDA:12,1,1,4
BRDA:20,2,0,12
BRDA:20,2,1,12
BRDA:20,2,2,8
BRDA:28,3,0,8
BRDA:28,3,1,0
BRF:9
BRH:6
end_of_record
TN:
SF:models/photo.js
FN:3,(anonymous_0)
FN:10,(anonymous_1)
FN:60,(anonymous_2)
FNF:3
FNH:3
FNDA:4,(anonymous_0)
FNDA:4,(anonymous_1)
FNDA:1,(anonymous_2)
DA:2,4
DA:3,4
DA:12,4
DA:15,4
DA:61,1
DA:68,4
LF:6
LH:6
BRF:0
BRH:0
end_of_record
TN:
SF:models/user.js
FN:4,(anonymous_0)
FN:11,(anonymous_1)
FN:60,(anonymous_2)
FNF:3
FNH:3
FNDA:4,(anonymous_0)
FNDA:4,(anonymous_1)
FNDA:2,(anonymous_2)
DA:2,4
DA:3,4
DA:4,4
DA:13,4
DA:16,4
DA:61,2
DA:68,4
LF:7
LH:7
BRF:0
BRH:0
end_of_record
TN:
SF:routes/index.js
FN:9,(anonymous_0)
FNF:1
FNH:1
FNDA:1,(anonymous_0)
DA:1,4
DA:2,4
DA:3,4
DA:4,4
DA:6,4
DA:7,4
DA:9,4
DA:10,1
DA:13,4
DA:15,4
LF:10
LH:10
BRF:0
BRH:0
end_of_record
TN:
SF:routes/photos-router.js
FNF:0
FNH:0
DA:1,4
DA:2,4
DA:3,4
DA:5,4
DA:6,4
DA:7,4
DA:8,4
DA:10,4
LF:8
LH:8
BRF:0
BRH:0
end_of_record
TN:
SF:routes/users-router.js
FNF:0
FNH:0
DA:1,4
DA:2,4
DA:4,4
DA:5,4
DA:7,4
LF:5
LH:5
BRF:0
BRH:0
end_of_record
